# JRE version: Java(TM) SE Runtime Environment (17.0.8+9) (build 17.0.8+9-LTS-211)
# Java VM: Java HotSpot(TM) 64-Bit Server VM (17.0.8+9-LTS-211, mixed mode, sharing, tiered, compressed oops, compressed class ptrs, g1 gc, windows-amd64)
GC Precious Log:
 CPUs: 4 total, 4 available
 Memory: 8067M
 Large Page Support: Disabled
 NUMA Support: Disabled
 Compressed Oops: Enabled (32-bit)
 Heap Region Size: 1M
 Heap Min Capacity: 8M
 Heap Initial Capacity: 128M
 Heap Max Capacity: 2018M
 Pre-touch: Disabled
 Parallel Workers: 4
 Concurrent Workers: 1
 Concurrent Refinement Workers: 4
 Periodic GC: Disabled
Heap:
 garbage-first heap   total 55296K, used 34099K [0x0000000081e00000, 0x0000000100000000)
  region size 1024K, 22 young (22528K), 3 survivors (3072K)
 Metaspace       used 27048K, committed 27456K, reserved 1114112K
  class space    used 3481K, committed 3648K, reserved 1048576K
GC Heap History (10 events):
Event: 1.293 GC heap before
{Heap before GC invocations=0 (full 0):
 garbage-first heap   total 131072K, used 13312K [0x0000000081e00000, 0x0000000100000000)
  region size 1024K, 13 young (13312K), 0 survivors (0K)
 Metaspace       used 3015K, committed 3200K, reserved 1114112K
  class space    used 284K, committed 384K, reserved 1048576K
}
Event: 1.461 GC heap after
{Heap after GC invocations=1 (full 0):
 garbage-first heap   total 131072K, used 7275K [0x0000000081e00000, 0x0000000100000000)
  region size 1024K, 2 young (2048K), 2 survivors (2048K)
 Metaspace       used 3015K, committed 3200K, reserved 1114112K
  class space    used 284K, committed 384K, reserved 1048576K
}
Event: 2.020 GC heap before
{Heap before GC invocations=1 (full 0):
 garbage-first heap   total 131072K, used 15467K [0x0000000081e00000, 0x0000000100000000)
  region size 1024K, 11 young (11264K), 2 survivors (2048K)
 Metaspace       used 4990K, committed 5184K, reserved 1114112K
  class space    used 550K, committed 640K, reserved 1048576K
}
Event: 2.023 GC heap after
{Heap after GC invocations=2 (full 0):
 garbage-first heap   total 131072K, used 7842K [0x0000000081e00000, 0x0000000100000000)
  region size 1024K, 1 young (1024K), 1 survivors (1024K)
 Metaspace       used 4990K, committed 5184K, reserved 1114112K
  class space    used 550K, committed 640K, reserved 1048576K
}
Event: 4.384 GC heap before
{Heap before GC invocations=2 (full 0):
 garbage-first heap   total 131072K, used 31394K [0x0000000081e00000, 0x0000000100000000)
  region size 1024K, 25 young (25600K), 1 survivors (1024K)
 Metaspace       used 11281K, committed 11584K, reserved 1114112K
  class space    used 1412K, committed 1536K, reserved 1048576K
}
Event: 4.389 GC heap after
{Heap after GC invocations=3 (full 0):
 garbage-first heap   total 131072K, used 9654K [0x0000000081e00000, 0x0000000100000000)
  region size 1024K, 3 young (3072K), 3 survivors (3072K)
 Metaspace       used 11281K, committed 11584K, reserved 1114112K
  class space    used 1412K, committed 1536K, reserved 1048576K
}
Event: 9.330 GC heap before
{Heap before GC invocations=3 (full 0):
 garbage-first heap   total 131072K, used 62902K [0x0000000081e00000, 0x0000000100000000)
  region size 1024K, 57 young (58368K), 3 survivors (3072K)
 Metaspace       used 21249K, committed 21504K, reserved 1114112K
  class space    used 2686K, committed 2816K, reserved 1048576K
}
Event: 9.342 GC heap after
{Heap after GC invocations=4 (full 0):
 garbage-first heap   total 131072K, used 14134K [0x0000000081e00000, 0x0000000100000000)
  region size 1024K, 7 young (7168K), 7 survivors (7168K)
 Metaspace       used 21249K, committed 21504K, reserved 1114112K
  class space    used 2686K, committed 2816K, reserved 1048576K
}
Event: 12.386 GC heap before
{Heap before GC invocations=5 (full 0):
 garbage-first heap   total 55296K, used 39734K [0x0000000081e00000, 0x0000000100000000)
  region size 1024K, 32 young (32768K), 7 survivors (7168K)
 Metaspace       used 24308K, committed 24576K, reserved 1114112K
  class space    used 3101K, committed 3200K, reserved 1048576K
}
Event: 12.402 GC heap after
{Heap after GC invocations=6 (full 0):
 garbage-first heap   total 55296K, used 15667K [0x0000000081e00000, 0x0000000100000000)
  region size 1024K, 3 young (3072K), 3 survivors (3072K)
 Metaspace       used 24308K, committed 24576K, reserved 1114112K
  class space    used 3101K, committed 3200K, reserved 1048576K
}

